**********

Host Name:      NewOrder
Date/Time:      2006-04-19 21:32:12.042 +0200
OS Version:     10.4.6 (Build 8I127)
Report Version: 4

Command: Alarm Clock
Path:    /Applications/Alarm Clock.app/Contents/MacOS/Alarm Clock
Parent:  WindowServer [64]

Version: 2.2.5 (293)

PID:    700
Thread: 5

Exception:  EXC_BREAKPOINT (0x0006)
Code[0]:    0x00000001
Code[1]:    0x92991120


Thread 0:
0   libSystem.B.dylib           	0x9000b0a8 mach_msg_trap + 8
1   libSystem.B.dylib           	0x9000affc mach_msg + 60
2   com.apple.CoreFoundation    	0x907e4114 __CFRunLoopRun + 832
3   com.apple.CoreFoundation    	0x907e3a18 CFRunLoopRunSpecific + 268
4   com.apple.HIToolbox         	0x9321d980 RunCurrentEventLoopInMode + 264
5   com.apple.HIToolbox         	0x9321d014 ReceiveNextEventCommon + 380
6   com.apple.HIToolbox         	0x9321ce80 BlockUntilNextEventMatchingListInMode + 96
7   com.apple.AppKit            	0x93720104 _DPSNextEvent + 384
8   com.apple.AppKit            	0x9371fdc8 -[NSApplication nextEventMatchingMask:untilDate:inMode:dequeue:] + 116
9   com.apple.AppKit            	0x9371c30c -[NSApplication run] + 472
10  com.apple.AppKit            	0x9380ce68 NSApplicationMain + 452
11  com.digitallity.alarmclock2 	0x00002990 _start + 340 (crt.c:272)
12  com.digitallity.alarmclock2 	0x00002838 start + 60

Thread 1:
0   libSystem.B.dylib           	0x9000b0a8 mach_msg_trap + 8
1   libSystem.B.dylib           	0x9000affc mach_msg + 60
2   com.apple.CoreFoundation    	0x907e4114 __CFRunLoopRun + 832
3   com.apple.CoreFoundation    	0x907e3a18 CFRunLoopRunSpecific + 268
4   com.apple.Foundation        	0x9299d69c +[NSURLConnection(NSURLConnectionInternal) _resourceLoadLoop:] + 264
5   com.apple.Foundation        	0x92976194 forkThreadForFunction + 108
6   libSystem.B.dylib           	0x9002ba68 _pthread_body + 96

Thread 2:
0   libSystem.B.dylib           	0x9001f5ec select + 12
1   com.apple.CoreFoundation    	0x907f69a8 __CFSocketManager + 472
2   libSystem.B.dylib           	0x9002ba68 _pthread_body + 96

Thread 3:
0   libSystem.B.dylib           	0x9000b0a8 mach_msg_trap + 8
1   libSystem.B.dylib           	0x9000affc mach_msg + 60
2   com.apple.CoreFoundation    	0x907e4114 __CFRunLoopRun + 832
3   com.apple.CoreFoundation    	0x907e3a18 CFRunLoopRunSpecific + 268
4   com.apple.Foundation        	0x9299e7dc +[NSURLCache _diskCacheSyncLoop:] + 152
5   com.apple.Foundation        	0x92976194 forkThreadForFunction + 108
6   libSystem.B.dylib           	0x9002ba68 _pthread_body + 96

Thread 4:
0   libSystem.B.dylib           	0x9002c128 semaphore_wait_signal_trap + 8
1   libSystem.B.dylib           	0x90030bec pthread_cond_wait + 480
2   com.apple.Foundation        	0x9297d300 -[NSConditionLock lockWhenCondition:] + 68
3   com.apple.AppKit            	0x937bcd2c -[NSUIHeartBeat _heartBeatThread:] + 324
4   com.apple.Foundation        	0x92976194 forkThreadForFunction + 108
5   libSystem.B.dylib           	0x9002ba68 _pthread_body + 96

Thread 5 Crashed:
0   com.apple.Foundation        	0x92991120 _NSRaiseError + 264
1   com.apple.Foundation        	0x92990e5c +[NSException raise:format:] + 40
2   com.apple.Foundation        	0x92a59324 mutateError + 172
3   com.apple.Foundation        	0x9297f4c0 -[NSCFString replaceCharactersInRange:withString:] + 92
4   com.digitallity.alarmclock2 	0x00011264 +[RHAliasHandler resolvePath:] + 300 (crt.c:355)
5   com.digitallity.alarmclock2 	0x000101bc -[ITunesData locateITunesMusicLibrary] + 208 (crt.c:355)
6   com.digitallity.alarmclock2 	0x00010028 -[ITunesData init] + 132 (crt.c:355)
7   com.digitallity.alarmclock2 	0x000107c0 -[ITunesTable init] + 52 (crt.c:355)
8   com.digitallity.alarmclock2 	0x00009e80 -[EditorController parseITunesMusicLibrary] + 144 (crt.c:355)
9   com.digitallity.alarmclock2 	0x000098ac -[EditorController parseThread:] + 72 (crt.c:355)
10  com.apple.Foundation        	0x92976194 forkThreadForFunction + 108
11  libSystem.B.dylib           	0x9002ba68 _pthread_body + 96

Thread 5 crashed with PPC Thread State 64:
  srr0: 0x0000000092991120 srr1: 0x000000000202f030                        vrsave: 0x0000000000000000
    cr: 0x24000442          xer: 0x0000000000000007   lr: 0x00000000929910f8  ctr: 0x0000000092953264
    r0: 0x0000000000000000   r1: 0x00000000f01929a0   r2: 0x00000000a2950508   r3: 0x00000000a2974b88
    r4: 0x0000000090a55ff0   r5: 0x0000000092952844   r6: 0x00000000f01925d4   r7: 0x00000000000000ff
    r8: 0x00000000f01925c0   r9: 0x0000000004d08040  r10: 0x0000000090a44628  r11: 0x0000000024000442
   r12: 0x0000000092953264  r13: 0x0000000000000000  r14: 0x0000000000000000  r15: 0x0000000000000000
   r16: 0x0000000000000000  r17: 0x0000000000020000  r18: 0x0000000000000000  r19: 0x0000000000019ae0
   r20: 0x0000000000020000  r21: 0x00000000000196e4  r22: 0x00000000000195a0  r23: 0x00000000000196e0
   r24: 0x0000000000017f4c  r25: 0x00000000000196ec  r26: 0x00000000000196e8  r27: 0x000000000035edc0
   r28: 0x0000000004d0abc0  r29: 0x00000000a2955808  r30: 0x0000000004d03590  r31: 0x0000000092991028

Binary Images Description:
    0x1000 -    0x16fff com.digitallity.alarmclock2 2.2.5 (293)	/Applications/Alarm Clock.app/Contents/MacOS/Alarm Clock
  0x2df000 -   0x2dffff com.apple.applescript.component 1.10.6	/System/Library/Components/AppleScript.component/Contents/MacOS/AppleScript
  0x461000 -   0x556fff com.elgato.mpegsupport EyeTV MPEG Support 1.0.4 (build 35) (1.0.4)	/Library/QuickTime/EyeTV MPEG Support.component/Contents/MacOS/EyeTV MPEG Support
  0x6fd000 -   0x6fdfff com.apple.osax.digihub 1.0	/System/Library/ScriptingAdditions/Digital Hub Scripting.osax/Contents/MacOS/Digital Hub Scripting
  0x700000 -   0x73dfff com.apple.osax.standardadditions 1.10.6 (???)	/System/Library/ScriptingAdditions/StandardAdditions.osax/Contents/MacOS/StandardAdditions
 0x15bc000 -  0x15c2fff com.unsanity.smartcrashreports Smart Crash Reports version 1.1b1 (1.1b1)	/Users/pp/Library/InputManagers/Smart Crash Reports/Smart Crash Reports.bundle/Contents/MacOS/Smart Crash Reports
0x8fa14000 - 0x8fa50fff com.apple.QTKit 7.0.4	/System/Library/Frameworks/QTKit.framework/Versions/A/QTKit
0x8fa79000 - 0x8fd27fff com.apple.QuickTime 7.0.4	/System/Library/Frameworks/QuickTime.framework/Versions/A/QuickTime
0x8fe00000 - 0x8fe51fff dyld 44.4	/usr/lib/dyld
0x90000000 - 0x901bbfff libSystem.B.dylib 	/usr/lib/libSystem.B.dylib
0x90213000 - 0x90218fff libmathCommon.A.dylib 	/usr/lib/system/libmathCommon.A.dylib
0x9021a000 - 0x9026dfff com.apple.CoreText 1.0.1 (???)	/System/Library/Frameworks/ApplicationServices.framework/Versions/A/Frameworks/CoreText.framework/Versions/A/CoreText
0x9029a000 - 0x9034bfff ATS 	/System/Library/Frameworks/ApplicationServices.framework/Versions/A/Frameworks/ATS.framework/Versions/A/ATS
0x9037a000 - 0x90734fff com.apple.CoreGraphics 1.258.27 (???)	/System/Library/Frameworks/ApplicationServices.framework/Versions/A/Frameworks/CoreGraphics.framework/Versions/A/CoreGraphics
0x907c1000 - 0x9089afff com.apple.CoreFoundation 6.4.4 (368.25)	/System/Library/Frameworks/CoreFoundation.framework/Versions/A/CoreFoundation
0x908e3000 - 0x908e3fff com.apple.CoreServices 10.4 (???)	/System/Library/Frameworks/CoreServices.framework/Versions/A/CoreServices
0x908e5000 - 0x909e7fff libicucore.A.dylib 	/usr/lib/libicucore.A.dylib
0x90a41000 - 0x90ac5fff libobjc.A.dylib 	/usr/lib/libobjc.A.dylib
0x90aef000 - 0x90b5dfff com.apple.framework.IOKit 1.4 (???)	/System/Library/Frameworks/IOKit.framework/Versions/A/IOKit
0x90b74000 - 0x90b86fff libauto.dylib 	/usr/lib/libauto.dylib
0x90b8d000 - 0x90e65fff com.apple.CoreServices.CarbonCore 681.3 (671.2)	/System/Library/Frameworks/CoreServices.framework/Versions/A/Frameworks/CarbonCore.framework/Versions/A/CarbonCore
0x90ecb000 - 0x90f4bfff com.apple.CoreServices.OSServices 4.1	/System/Library/Frameworks/CoreServices.framework/Versions/A/Frameworks/OSServices.framework/Versions/A/OSServices
0x90f95000 - 0x90fd6fff com.apple.CFNetwork 4.0 (129.13)	/System/Library/Frameworks/CoreServices.framework/Versions/A/Frameworks/CFNetwork.framework/Versions/A/CFNetwork
0x90feb000 - 0x91003fff com.apple.WebServices 1.1.2 (1.1.0)	/System/Library/Frameworks/CoreServices.framework/Versions/A/Frameworks/WebServicesCore.framework/Versions/A/WebServicesCore
0x91013000 - 0x91094fff com.apple.SearchKit 1.0.5	/System/Library/Frameworks/CoreServices.framework/Versions/A/Frameworks/SearchKit.framework/Versions/A/SearchKit
0x910da000 - 0x91104fff com.apple.Metadata 10.4.4 (121.36)	/System/Library/Frameworks/CoreServices.framework/Versions/A/Frameworks/Metadata.framework/Versions/A/Metadata
0x91115000 - 0x91123fff libz.1.dylib 	/usr/lib/libz.1.dylib
0x91126000 - 0x912e9fff com.apple.security 4.3 (25966)	/System/Library/Frameworks/Security.framework/Versions/A/Security
0x913ec000 - 0x913f5fff com.apple.DiskArbitration 2.1	/System/Library/Frameworks/DiskArbitration.framework/Versions/A/DiskArbitration
0x913fc000 - 0x91423fff com.apple.SystemConfiguration 1.8.2	/System/Library/Frameworks/SystemConfiguration.framework/Versions/A/SystemConfiguration
0x91436000 - 0x91441fff libgcc_s.1.dylib 	/usr/lib/libgcc_s.1.dylib
0x91446000 - 0x91466fff libmx.A.dylib 	/usr/lib/libmx.A.dylib
0x9146c000 - 0x91474fff libbsm.dylib 	/usr/lib/libbsm.dylib
0x91478000 - 0x914f3fff com.apple.audio.CoreAudio 3.0.3	/System/Library/Frameworks/CoreAudio.framework/Versions/A/CoreAudio
0x91530000 - 0x91530fff com.apple.ApplicationServices 10.4 (???)	/System/Library/Frameworks/ApplicationServices.framework/Versions/A/ApplicationServices
0x91532000 - 0x9156afff com.apple.AE 1.5 (297)	/System/Library/Frameworks/ApplicationServices.framework/Versions/A/Frameworks/AE.framework/Versions/A/AE
0x91585000 - 0x91652fff com.apple.ColorSync 4.4.4	/System/Library/Frameworks/ApplicationServices.framework/Versions/A/Frameworks/ColorSync.framework/Versions/A/ColorSync
0x916a7000 - 0x91738fff com.apple.print.framework.PrintCore 4.5 (177.10)	/System/Library/Frameworks/ApplicationServices.framework/Versions/A/Frameworks/PrintCore.framework/Versions/A/PrintCore
0x9177f000 - 0x91836fff com.apple.QD 3.8.19 (???)	/System/Library/Frameworks/ApplicationServices.framework/Versions/A/Frameworks/QD.framework/Versions/A/QD
0x91873000 - 0x918d1fff com.apple.HIServices 1.5.1 (???)	/System/Library/Frameworks/ApplicationServices.framework/Versions/A/Frameworks/HIServices.framework/Versions/A/HIServices
0x918ff000 - 0x91923fff com.apple.LangAnalysis 1.6.1	/System/Library/Frameworks/ApplicationServices.framework/Versions/A/Frameworks/LangAnalysis.framework/Versions/A/LangAnalysis
0x91937000 - 0x9195cfff com.apple.FindByContent 1.5	/System/Library/Frameworks/ApplicationServices.framework/Versions/A/Frameworks/FindByContent.framework/Versions/A/FindByContent
0x9196f000 - 0x919b1fff com.apple.LaunchServices 168.10	/System/Library/Frameworks/ApplicationServices.framework/Versions/A/Frameworks/LaunchServices.framework/Versions/A/LaunchServices
0x919cd000 - 0x919e1fff com.apple.speech.synthesis.framework 3.3	/System/Library/Frameworks/ApplicationServices.framework/Versions/A/Frameworks/SpeechSynthesis.framework/Versions/A/SpeechSynthesis
0x919ef000 - 0x91a2efff com.apple.ImageIO.framework 1.4.6	/System/Library/Frameworks/ApplicationServices.framework/Versions/A/Frameworks/ImageIO.framework/Versions/A/ImageIO
0x91a44000 - 0x91b0cfff libcrypto.0.9.7.dylib 	/usr/lib/libcrypto.0.9.7.dylib
0x91b5a000 - 0x91b6ffff libcups.2.dylib 	/usr/lib/libcups.2.dylib
0x91b74000 - 0x91b91fff libJPEG.dylib 	/System/Library/Frameworks/ApplicationServices.framework/Versions/A/Frameworks/ImageIO.framework/Versions/A/Resources/libJPEG.dylib
0x91b96000 - 0x91c05fff libJP2.dylib 	/System/Library/Frameworks/ApplicationServices.framework/Versions/A/Frameworks/ImageIO.framework/Versions/A/Resources/libJP2.dylib
0x91c1c000 - 0x91c20fff libGIF.dylib 	/System/Library/Frameworks/ApplicationServices.framework/Versions/A/Frameworks/ImageIO.framework/Versions/A/Resources/libGIF.dylib
0x91c22000 - 0x91c69fff libRaw.dylib 	/System/Library/Frameworks/ApplicationServices.framework/Versions/A/Frameworks/ImageIO.framework/Versions/A/Resources/libRaw.dylib
0x91c6e000 - 0x91cabfff libTIFF.dylib 	/System/Library/Frameworks/ApplicationServices.framework/Versions/A/Frameworks/ImageIO.framework/Versions/A/Resources/libTIFF.dylib
0x91cb2000 - 0x91ccbfff libPng.dylib 	/System/Library/Frameworks/ApplicationServices.framework/Versions/A/Frameworks/ImageIO.framework/Versions/A/Resources/libPng.dylib
0x91cd0000 - 0x91cd3fff libRadiance.dylib 	/System/Library/Frameworks/ApplicationServices.framework/Versions/A/Frameworks/ImageIO.framework/Versions/A/Resources/libRadiance.dylib
0x91cd5000 - 0x91cd5fff com.apple.Accelerate 1.2.1 (Accelerate 1.2.1)	/System/Library/Frameworks/Accelerate.framework/Versions/A/Accelerate
0x91cd7000 - 0x91db7fff com.apple.vImage 2.3	/System/Library/Frameworks/Accelerate.framework/Versions/A/Frameworks/vImage.framework/Versions/A/vImage
0x91dbf000 - 0x91ddefff com.apple.Accelerate.vecLib 3.2.1 (vecLib 3.2.1)	/System/Library/Frameworks/Accelerate.framework/Versions/A/Frameworks/vecLib.framework/Versions/A/vecLib
0x91e4a000 - 0x91eb8fff libvMisc.dylib 	/System/Library/Frameworks/Accelerate.framework/Versions/A/Frameworks/vecLib.framework/Versions/A/libvMisc.dylib
0x91ec3000 - 0x91f57fff libvDSP.dylib 	/System/Library/Frameworks/Accelerate.framework/Versions/A/Frameworks/vecLib.framework/Versions/A/libvDSP.dylib
0x91f71000 - 0x924f9fff libBLAS.dylib 	/System/Library/Frameworks/Accelerate.framework/Versions/A/Frameworks/vecLib.framework/Versions/A/libBLAS.dylib
0x9252c000 - 0x92857fff libLAPACK.dylib 	/System/Library/Frameworks/Accelerate.framework/Versions/A/Frameworks/vecLib.framework/Versions/A/libLAPACK.dylib
0x92887000 - 0x9290ffff com.apple.DesktopServices 1.3.3	/System/Library/PrivateFrameworks/DesktopServicesPriv.framework/Versions/A/DesktopServicesPriv
0x92950000 - 0x92b7bfff com.apple.Foundation 6.4.5 (567.26)	/System/Library/Frameworks/Foundation.framework/Versions/C/Foundation
0x92c99000 - 0x92d77fff libxml2.2.dylib 	/usr/lib/libxml2.2.dylib
0x92d97000 - 0x92e85fff libiconv.2.dylib 	/usr/lib/libiconv.2.dylib
0x92e88000 - 0x92e92fff com.apple.framework.AppleTalk 1.2.0 (???)	/System/Library/Frameworks/AppleTalk.framework/Versions/A/AppleTalk
0x92e97000 - 0x92eb5fff libGL.dylib 	/System/Library/Frameworks/OpenGL.framework/Versions/A/Libraries/libGL.dylib
0x92ec0000 - 0x92f1afff libGLU.dylib 	/System/Library/Frameworks/OpenGL.framework/Versions/A/Libraries/libGLU.dylib
0x92f38000 - 0x92f38fff com.apple.Carbon 10.4 (???)	/System/Library/Frameworks/Carbon.framework/Versions/A/Carbon
0x92f3a000 - 0x92f4efff com.apple.ImageCapture 3.0	/System/Library/Frameworks/Carbon.framework/Versions/A/Frameworks/ImageCapture.framework/Versions/A/ImageCapture
0x92f66000 - 0x92f76fff com.apple.speech.recognition.framework 3.4	/System/Library/Frameworks/Carbon.framework/Versions/A/Frameworks/SpeechRecognition.framework/Versions/A/SpeechRecognition
0x92f82000 - 0x92f97fff com.apple.securityhi 2.0 (203)	/System/Library/Frameworks/Carbon.framework/Versions/A/Frameworks/SecurityHI.framework/Versions/A/SecurityHI
0x92fa9000 - 0x93030fff com.apple.ink.framework 101.2 (69)	/System/Library/Frameworks/Carbon.framework/Versions/A/Frameworks/Ink.framework/Versions/A/Ink
0x93044000 - 0x9304ffff com.apple.help 1.0.3 (32)	/System/Library/Frameworks/Carbon.framework/Versions/A/Frameworks/Help.framework/Versions/A/Help
0x93059000 - 0x93086fff com.apple.openscripting 1.2.5 (???)	/System/Library/Frameworks/Carbon.framework/Versions/A/Frameworks/OpenScripting.framework/Versions/A/OpenScripting
0x930a0000 - 0x930b0fff com.apple.print.framework.Print 5.0 (190.1)	/System/Library/Frameworks/Carbon.framework/Versions/A/Frameworks/Print.framework/Versions/A/Print
0x930bc000 - 0x93122fff com.apple.htmlrendering 1.1.2	/System/Library/Frameworks/Carbon.framework/Versions/A/Frameworks/HTMLRendering.framework/Versions/A/HTMLRendering
0x93153000 - 0x931a2fff com.apple.NavigationServices 3.4.4 (3.4.3)	/System/Library/Frameworks/Carbon.framework/Versions/A/Frameworks/NavigationServices.framework/Versions/A/NavigationServices
0x931d0000 - 0x931edfff com.apple.audio.SoundManager 3.9	/System/Library/Frameworks/Carbon.framework/Versions/A/Frameworks/CarbonSound.framework/Versions/A/CarbonSound
0x931ff000 - 0x9320cfff com.apple.CommonPanels 1.2.2 (73)	/System/Library/Frameworks/Carbon.framework/Versions/A/Frameworks/CommonPanels.framework/Versions/A/CommonPanels
0x93215000 - 0x93522fff com.apple.HIToolbox 1.4.6 (???)	/System/Library/Frameworks/Carbon.framework/Versions/A/Frameworks/HIToolbox.framework/Versions/A/HIToolbox
0x93671000 - 0x9367dfff com.apple.opengl 1.4.7	/System/Library/Frameworks/OpenGL.framework/Versions/A/OpenGL
0x93716000 - 0x93716fff com.apple.Cocoa 6.4 (???)	/System/Library/Frameworks/Cocoa.framework/Versions/A/Cocoa
0x93718000 - 0x93d4bfff com.apple.AppKit 6.4.4 (824.33)	/System/Library/Frameworks/AppKit.framework/Versions/C/AppKit
0x940d8000 - 0x94148fff com.apple.CoreData 80	/System/Library/Frameworks/CoreData.framework/Versions/A/CoreData
0x94181000 - 0x9424bfff com.apple.audio.toolbox.AudioToolbox 1.4.1	/System/Library/Frameworks/AudioToolbox.framework/Versions/A/AudioToolbox
0x9429f000 - 0x9429ffff com.apple.audio.units.AudioUnit 1.4	/System/Library/Frameworks/AudioUnit.framework/Versions/A/AudioUnit
0x942a1000 - 0x94455fff com.apple.QuartzCore 1.4.7	/System/Library/Frameworks/QuartzCore.framework/Versions/A/QuartzCore
0x944a8000 - 0x944e5fff libsqlite3.0.dylib 	/usr/lib/libsqlite3.0.dylib
0x944ed000 - 0x9453dfff libGLImage.dylib 	/System/Library/Frameworks/OpenGL.framework/Versions/A/Libraries/libGLImage.dylib
0x946e0000 - 0x946effff libCGATS.A.dylib 	/System/Library/Frameworks/ApplicationServices.framework/Versions/A/Frameworks/CoreGraphics.framework/Versions/A/Resources/libCGATS.A.dylib
0x946f7000 - 0x94703fff libCSync.A.dylib 	/System/Library/Frameworks/ApplicationServices.framework/Versions/A/Frameworks/CoreGraphics.framework/Versions/A/Resources/libCSync.A.dylib
0x94749000 - 0x94761fff libRIP.A.dylib 	/System/Library/Frameworks/ApplicationServices.framework/Versions/A/Frameworks/CoreGraphics.framework/Versions/A/Resources/libRIP.A.dylib
0x94768000 - 0x947d9fff libstdc++.6.dylib 	/usr/lib/libstdc++.6.dylib
0x94bac000 - 0x94bc9fff libresolv.9.dylib 	/usr/lib/libresolv.9.dylib
0x950ce000 - 0x951fcfff edu.mit.Kerberos 5.5.23	/System/Library/Frameworks/Kerberos.framework/Versions/A/Kerberos
0x96163000 - 0x96168fff com.apple.URLMount 2.1.3	/System/Library/PrivateFrameworks/URLMount.framework/Versions/A/URLMount
0x97c07000 - 0x97c1dfff com.apple.AppleShareClient 1.5.1	/System/Library/Frameworks/AppleShareClient.framework/Versions/A/AppleShareClient
0x97c27000 - 0x97c65fff com.apple.AppleShareClientCore 1.5.1	/System/Library/Frameworks/AppleShareClientCore.framework/Versions/A/AppleShareClientCore
0x99210000 - 0x992bafff com.apple.applescript 1.10.6	/System/Library/PrivateFrameworks/AppleScript.framework/Versions/A/AppleScript

**********

Host Name:      NewOrder
Date/Time:      2006-04-19 21:32:47.103 +0200
OS Version:     10.4.6 (Build 8I127)
Report Version: 4

Command: Alarm Clock
Path:    /Applications/Alarm Clock.app/Contents/MacOS/Alarm Clock
Parent:  WindowServer [64]

Version: 2.2.5 (293)

PID:    722
Thread: 1

Exception:  EXC_BREAKPOINT (0x0006)
Code[0]:    0x00000001
Code[1]:    0x92991120


Thread 0:
0   libSystem.B.dylib           	0x9000b0a8 mach_msg_trap + 8
1   libSystem.B.dylib           	0x9000affc mach_msg + 60
2   com.apple.CoreFoundation    	0x907e4114 __CFRunLoopRun + 832
3   com.apple.CoreFoundation    	0x907e3a18 CFRunLoopRunSpecific + 268
4   com.apple.HIToolbox         	0x9321d980 RunCurrentEventLoopInMode + 264
5   com.apple.HIToolbox         	0x9321d014 ReceiveNextEventCommon + 380
6   com.apple.HIToolbox         	0x9321ce80 BlockUntilNextEventMatchingListInMode + 96
7   com.apple.AppKit            	0x93720104 _DPSNextEvent + 384
8   com.apple.AppKit            	0x9371fdc8 -[NSApplication nextEventMatchingMask:untilDate:inMode:dequeue:] + 116
9   com.apple.AppKit            	0x9371c30c -[NSApplication run] + 472
10  com.apple.AppKit            	0x9380ce68 NSApplicationMain + 452
11  com.digitallity.alarmclock2 	0x00002990 _start + 340 (crt.c:272)
12  com.digitallity.alarmclock2 	0x00002838 start + 60

Thread 1 Crashed:
0   com.apple.Foundation        	0x92991120 _NSRaiseError + 264
1   com.apple.Foundation        	0x92990e5c +[NSException raise:format:] + 40
2   com.apple.Foundation        	0x92a59324 mutateError + 172
3   com.apple.Foundation        	0x9297f4c0 -[NSCFString replaceCharactersInRange:withString:] + 92
4   com.digitallity.alarmclock2 	0x00011264 +[RHAliasHandler resolvePath:] + 300 (crt.c:355)
5   com.digitallity.alarmclock2 	0x000101bc -[ITunesData locateITunesMusicLibrary] + 208 (crt.c:355)
6   com.digitallity.alarmclock2 	0x00010028 -[ITunesData init] + 132 (crt.c:355)
7   com.digitallity.alarmclock2 	0x000107c0 -[ITunesTable init] + 52 (crt.c:355)
8   com.digitallity.alarmclock2 	0x00009e80 -[EditorController parseITunesMusicLibrary] + 144 (crt.c:355)
9   com.digitallity.alarmclock2 	0x000098ac -[EditorController parseThread:] + 72 (crt.c:355)
10  com.apple.Foundation        	0x92976194 forkThreadForFunction + 108
11  libSystem.B.dylib           	0x9002ba68 _pthread_body + 96

Thread 1 crashed with PPC Thread State 64:
  srr0: 0x0000000092991120 srr1: 0x000000000202f030                        vrsave: 0x0000000000000000
    cr: 0x24000442          xer: 0x0000000000000007   lr: 0x00000000929910f8  ctr: 0x0000000092953264
    r0: 0x0000000000000000   r1: 0x00000000f00809a0   r2: 0x00000000a2950508   r3: 0x00000000a2974b88
    r4: 0x0000000090a55ff0   r5: 0x0000000092952844   r6: 0x00000000f00805d4   r7: 0x00000000000000ff
    r8: 0x00000000f00805c0   r9: 0x00000000003d2ce0  r10: 0x0000000090a44628  r11: 0x0000000024000442
   r12: 0x0000000092953264  r13: 0x0000000000000000  r14: 0x0000000000000000  r15: 0x0000000000000000
   r16: 0x0000000000000000  r17: 0x0000000000020000  r18: 0x0000000000000000  r19: 0x0000000000019ae0
   r20: 0x0000000000020000  r21: 0x00000000000196e4  r22: 0x00000000000195a0  r23: 0x00000000000196e0
   r24: 0x0000000000017f4c  r25: 0x00000000000196ec  r26: 0x00000000000196e8  r27: 0x00000000003d21a0
   r28: 0x00000000003d3bf0  r29: 0x00000000a2955808  r30: 0x00000000003d1db0  r31: 0x0000000092991028

Binary Images Description:
    0x1000 -    0x16fff com.digitallity.alarmclock2 2.2.5 (293)	/Applications/Alarm Clock.app/Contents/MacOS/Alarm Clock
  0x44d000 -   0x44dfff com.apple.applescript.component 1.10.6	/System/Library/Components/AppleScript.component/Contents/MacOS/AppleScript
  0x5ca000 -   0x5cafff com.apple.osax.digihub 1.0	/System/Library/ScriptingAdditions/Digital Hub Scripting.osax/Contents/MacOS/Digital Hub Scripting
 0x1535000 -  0x162afff com.elgato.mpegsupport EyeTV MPEG Support 1.0.4 (build 35) (1.0.4)	/Library/QuickTime/EyeTV MPEG Support.component/Contents/MacOS/EyeTV MPEG Support
 0x1690000 -  0x16cdfff com.apple.osax.standardadditions 1.10.6 (???)	/System/Library/ScriptingAdditions/StandardAdditions.osax/Contents/MacOS/StandardAdditions
 0x16db000 -  0x16e1fff com.unsanity.smartcrashreports Smart Crash Reports version 1.1b1 (1.1b1)	/Users/pp/Library/InputManagers/Smart Crash Reports/Smart Crash Reports.bundle/Contents/MacOS/Smart Crash Reports
0x8fa14000 - 0x8fa50fff com.apple.QTKit 7.0.4	/System/Library/Frameworks/QTKit.framework/Versions/A/QTKit
0x8fa79000 - 0x8fd27fff com.apple.QuickTime 7.0.4	/System/Library/Frameworks/QuickTime.framework/Versions/A/QuickTime
0x8fe00000 - 0x8fe51fff dyld 44.4	/usr/lib/dyld
0x90000000 - 0x901bbfff libSystem.B.dylib 	/usr/lib/libSystem.B.dylib
0x90213000 - 0x90218fff libmathCommon.A.dylib 	/usr/lib/system/libmathCommon.A.dylib
0x9021a000 - 0x9026dfff com.apple.CoreText 1.0.1 (???)	/System/Library/Frameworks/ApplicationServices.framework/Versions/A/Frameworks/CoreText.framework/Versions/A/CoreText
0x9029a000 - 0x9034bfff ATS 	/System/Library/Frameworks/ApplicationServices.framework/Versions/A/Frameworks/ATS.framework/Versions/A/ATS
0x9037a000 - 0x90734fff com.apple.CoreGraphics 1.258.27 (???)	/System/Library/Frameworks/ApplicationServices.framework/Versions/A/Frameworks/CoreGraphics.framework/Versions/A/CoreGraphics
0x907c1000 - 0x9089afff com.apple.CoreFoundation 6.4.4 (368.25)	/System/Library/Frameworks/CoreFoundation.framework/Versions/A/CoreFoundation
0x908e3000 - 0x908e3fff com.apple.CoreServices 10.4 (???)	/System/Library/Frameworks/CoreServices.framework/Versions/A/CoreServices
0x908e5000 - 0x909e7fff libicucore.A.dylib 	/usr/lib/libicucore.A.dylib
0x90a41000 - 0x90ac5fff libobjc.A.dylib 	/usr/lib/libobjc.A.dylib
0x90aef000 - 0x90b5dfff com.apple.framework.IOKit 1.4 (???)	/System/Library/Frameworks/IOKit.framework/Versions/A/IOKit
0x90b74000 - 0x90b86fff libauto.dylib 	/usr/lib/libauto.dylib
0x90b8d000 - 0x90e65fff com.apple.CoreServices.CarbonCore 681.3 (671.2)	/System/Library/Frameworks/CoreServices.framework/Versions/A/Frameworks/CarbonCore.framework/Versions/A/CarbonCore
0x90ecb000 - 0x90f4bfff com.apple.CoreServices.OSServices 4.1	/System/Library/Frameworks/CoreServices.framework/Versions/A/Frameworks/OSServices.framework/Versions/A/OSServices
0x90f95000 - 0x90fd6fff com.apple.CFNetwork 4.0 (129.13)	/System/Library/Frameworks/CoreServices.framework/Versions/A/Frameworks/CFNetwork.framework/Versions/A/CFNetwork
0x90feb000 - 0x91003fff com.apple.WebServices 1.1.2 (1.1.0)	/System/Library/Frameworks/CoreServices.framework/Versions/A/Frameworks/WebServicesCore.framework/Versions/A/WebServicesCore
0x91013000 - 0x91094fff com.apple.SearchKit 1.0.5	/System/Library/Frameworks/CoreServices.framework/Versions/A/Frameworks/SearchKit.framework/Versions/A/SearchKit
0x910da000 - 0x91104fff com.apple.Metadata 10.4.4 (121.36)	/System/Library/Frameworks/CoreServices.framework/Versions/A/Frameworks/Metadata.framework/Versions/A/Metadata
0x91115000 - 0x91123fff libz.1.dylib 	/usr/lib/libz.1.dylib
0x91126000 - 0x912e9fff com.apple.security 4.3 (25966)	/System/Library/Frameworks/Security.framework/Versions/A/Security
0x913ec000 - 0x913f5fff com.apple.DiskArbitration 2.1	/System/Library/Frameworks/DiskArbitration.framework/Versions/A/DiskArbitration
0x913fc000 - 0x91423fff com.apple.SystemConfiguration 1.8.2	/System/Library/Frameworks/SystemConfiguration.framework/Versions/A/SystemConfiguration
0x91436000 - 0x91441fff libgcc_s.1.dylib 	/usr/lib/libgcc_s.1.dylib
0x91446000 - 0x91466fff libmx.A.dylib 	/usr/lib/libmx.A.dylib
0x9146c000 - 0x91474fff libbsm.dylib 	/usr/lib/libbsm.dylib
0x91478000 - 0x914f3fff com.apple.audio.CoreAudio 3.0.3	/System/Library/Frameworks/CoreAudio.framework/Versions/A/CoreAudio
0x91530000 - 0x91530fff com.apple.ApplicationServices 10.4 (???)	/System/Library/Frameworks/ApplicationServices.framework/Versions/A/ApplicationServices
0x91532000 - 0x9156afff com.apple.AE 1.5 (297)	/System/Library/Frameworks/ApplicationServices.framework/Versions/A/Frameworks/AE.framework/Versions/A/AE
0x91585000 - 0x91652fff com.apple.ColorSync 4.4.4	/System/Library/Frameworks/ApplicationServices.framework/Versions/A/Frameworks/ColorSync.framework/Versions/A/ColorSync
0x916a7000 - 0x91738fff com.apple.print.framework.PrintCore 4.5 (177.10)	/System/Library/Frameworks/ApplicationServices.framework/Versions/A/Frameworks/PrintCore.framework/Versions/A/PrintCore
0x9177f000 - 0x91836fff com.apple.QD 3.8.19 (???)	/System/Library/Frameworks/ApplicationServices.framework/Versions/A/Frameworks/QD.framework/Versions/A/QD
0x91873000 - 0x918d1fff com.apple.HIServices 1.5.1 (???)	/System/Library/Frameworks/ApplicationServices.framework/Versions/A/Frameworks/HIServices.framework/Versions/A/HIServices
0x918ff000 - 0x91923fff com.apple.LangAnalysis 1.6.1	/System/Library/Frameworks/ApplicationServices.framework/Versions/A/Frameworks/LangAnalysis.framework/Versions/A/LangAnalysis
0x91937000 - 0x9195cfff com.apple.FindByContent 1.5	/System/Library/Frameworks/ApplicationServices.framework/Versions/A/Frameworks/FindByContent.framework/Versions/A/FindByContent
0x9196f000 - 0x919b1fff com.apple.LaunchServices 168.10	/System/Library/Frameworks/ApplicationServices.framework/Versions/A/Frameworks/LaunchServices.framework/Versions/A/LaunchServices
0x919cd000 - 0x919e1fff com.apple.speech.synthesis.framework 3.3	/System/Library/Frameworks/ApplicationServices.framework/Versions/A/Frameworks/SpeechSynthesis.framework/Versions/A/SpeechSynthesis
0x919ef000 - 0x91a2efff com.apple.ImageIO.framework 1.4.6	/System/Library/Frameworks/ApplicationServices.framework/Versions/A/Frameworks/ImageIO.framework/Versions/A/ImageIO
0x91a44000 - 0x91b0cfff libcrypto.0.9.7.dylib 	/usr/lib/libcrypto.0.9.7.dylib
0x91b5a000 - 0x91b6ffff libcups.2.dylib 	/usr/lib/libcups.2.dylib
0x91b74000 - 0x91b91fff libJPEG.dylib 	/System/Library/Frameworks/ApplicationServices.framework/Versions/A/Frameworks/ImageIO.framework/Versions/A/Resources/libJPEG.dylib
0x91b96000 - 0x91c05fff libJP2.dylib 	/System/Library/Frameworks/ApplicationServices.framework/Versions/A/Frameworks/ImageIO.framework/Versions/A/Resources/libJP2.dylib
0x91c1c000 - 0x91c20fff libGIF.dylib 	/System/Library/Frameworks/ApplicationServices.framework/Versions/A/Frameworks/ImageIO.framework/Versions/A/Resources/libGIF.dylib
0x91c22000 - 0x91c69fff libRaw.dylib 	/System/Library/Frameworks/ApplicationServices.framework/Versions/A/Frameworks/ImageIO.framework/Versions/A/Resources/libRaw.dylib
0x91c6e000 - 0x91cabfff libTIFF.dylib 	/System/Library/Frameworks/ApplicationServices.framework/Versions/A/Frameworks/ImageIO.framework/Versions/A/Resources/libTIFF.dylib
0x91cb2000 - 0x91ccbfff libPng.dylib 	/System/Library/Frameworks/ApplicationServices.framework/Versions/A/Frameworks/ImageIO.framework/Versions/A/Resources/libPng.dylib
0x91cd0000 - 0x91cd3fff libRadiance.dylib 	/System/Library/Frameworks/ApplicationServices.framework/Versions/A/Frameworks/ImageIO.framework/Versions/A/Resources/libRadiance.dylib
0x91cd5000 - 0x91cd5fff com.apple.Accelerate 1.2.1 (Accelerate 1.2.1)	/System/Library/Frameworks/Accelerate.framework/Versions/A/Accelerate
0x91cd7000 - 0x91db7fff com.apple.vImage 2.3	/System/Library/Frameworks/Accelerate.framework/Versions/A/Frameworks/vImage.framework/Versions/A/vImage
0x91dbf000 - 0x91ddefff com.apple.Accelerate.vecLib 3.2.1 (vecLib 3.2.1)	/System/Library/Frameworks/Accelerate.framework/Versions/A/Frameworks/vecLib.framework/Versions/A/vecLib
0x91e4a000 - 0x91eb8fff libvMisc.dylib 	/System/Library/Frameworks/Accelerate.framework/Versions/A/Frameworks/vecLib.framework/Versions/A/libvMisc.dylib
0x91ec3000 - 0x91f57fff libvDSP.dylib 	/System/Library/Frameworks/Accelerate.framework/Versions/A/Frameworks/vecLib.framework/Versions/A/libvDSP.dylib
0x91f71000 - 0x924f9fff libBLAS.dylib 	/System/Library/Frameworks/Accelerate.framework/Versions/A/Frameworks/vecLib.framework/Versions/A/libBLAS.dylib
0x9252c000 - 0x92857fff libLAPACK.dylib 	/System/Library/Frameworks/Accelerate.framework/Versions/A/Frameworks/vecLib.framework/Versions/A/libLAPACK.dylib
0x92887000 - 0x9290ffff com.apple.DesktopServices 1.3.3	/System/Library/PrivateFrameworks/DesktopServicesPriv.framework/Versions/A/DesktopServicesPriv
0x92950000 - 0x92b7bfff com.apple.Foundation 6.4.5 (567.26)	/System/Library/Frameworks/Foundation.framework/Versions/C/Foundation
0x92c99000 - 0x92d77fff libxml2.2.dylib 	/usr/lib/libxml2.2.dylib
0x92d97000 - 0x92e85fff libiconv.2.dylib 	/usr/lib/libiconv.2.dylib
0x92e88000 - 0x92e92fff com.apple.framework.AppleTalk 1.2.0 (???)	/System/Library/Frameworks/AppleTalk.framework/Versions/A/AppleTalk
0x92e97000 - 0x92eb5fff libGL.dylib 	/System/Library/Frameworks/OpenGL.framework/Versions/A/Libraries/libGL.dylib
0x92ec0000 - 0x92f1afff libGLU.dylib 	/System/Library/Frameworks/OpenGL.framework/Versions/A/Libraries/libGLU.dylib
0x92f38000 - 0x92f38fff com.apple.Carbon 10.4 (???)	/System/Library/Frameworks/Carbon.framework/Versions/A/Carbon
0x92f3a000 - 0x92f4efff com.apple.ImageCapture 3.0	/System/Library/Frameworks/Carbon.framework/Versions/A/Frameworks/ImageCapture.framework/Versions/A/ImageCapture
0x92f66000 - 0x92f76fff com.apple.speech.recognition.framework 3.4	/System/Library/Frameworks/Carbon.framework/Versions/A/Frameworks/SpeechRecognition.framework/Versions/A/SpeechRecognition
0x92f82000 - 0x92f97fff com.apple.securityhi 2.0 (203)	/System/Library/Frameworks/Carbon.framework/Versions/A/Frameworks/SecurityHI.framework/Versions/A/SecurityHI
0x92fa9000 - 0x93030fff com.apple.ink.framework 101.2 (69)	/System/Library/Frameworks/Carbon.framework/Versions/A/Frameworks/Ink.framework/Versions/A/Ink
0x93044000 - 0x9304ffff com.apple.help 1.0.3 (32)	/System/Library/Frameworks/Carbon.framework/Versions/A/Frameworks/Help.framework/Versions/A/Help
0x93059000 - 0x93086fff com.apple.openscripting 1.2.5 (???)	/System/Library/Frameworks/Carbon.framework/Versions/A/Frameworks/OpenScripting.framework/Versions/A/OpenScripting
0x930a0000 - 0x930b0fff com.apple.print.framework.Print 5.0 (190.1)	/System/Library/Frameworks/Carbon.framework/Versions/A/Frameworks/Print.framework/Versions/A/Print
0x930bc000 - 0x93122fff com.apple.htmlrendering 1.1.2	/System/Library/Frameworks/Carbon.framework/Versions/A/Frameworks/HTMLRendering.framework/Versions/A/HTMLRendering
0x93153000 - 0x931a2fff com.apple.NavigationServices 3.4.4 (3.4.3)	/System/Library/Frameworks/Carbon.framework/Versions/A/Frameworks/NavigationServices.framework/Versions/A/NavigationServices
0x931d0000 - 0x931edfff com.apple.audio.SoundManager 3.9	/System/Library/Frameworks/Carbon.framework/Versions/A/Frameworks/CarbonSound.framework/Versions/A/CarbonSound
0x931ff000 - 0x9320cfff com.apple.CommonPanels 1.2.2 (73)	/System/Library/Frameworks/Carbon.framework/Versions/A/Frameworks/CommonPanels.framework/Versions/A/CommonPanels
0x93215000 - 0x93522fff com.apple.HIToolbox 1.4.6 (???)	/System/Library/Frameworks/Carbon.framework/Versions/A/Frameworks/HIToolbox.framework/Versions/A/HIToolbox
0x93671000 - 0x9367dfff com.apple.opengl 1.4.7	/System/Library/Frameworks/OpenGL.framework/Versions/A/OpenGL
0x93716000 - 0x93716fff com.apple.Cocoa 6.4 (???)	/System/Library/Frameworks/Cocoa.framework/Versions/A/Cocoa
0x93718000 - 0x93d4bfff com.apple.AppKit 6.4.4 (824.33)	/System/Library/Frameworks/AppKit.framework/Versions/C/AppKit
0x940d8000 - 0x94148fff com.apple.CoreData 80	/System/Library/Frameworks/CoreData.framework/Versions/A/CoreData
0x94181000 - 0x9424bfff com.apple.audio.toolbox.AudioToolbox 1.4.1	/System/Library/Frameworks/AudioToolbox.framework/Versions/A/AudioToolbox
0x9429f000 - 0x9429ffff com.apple.audio.units.AudioUnit 1.4	/System/Library/Frameworks/AudioUnit.framework/Versions/A/AudioUnit
0x942a1000 - 0x94455fff com.apple.QuartzCore 1.4.7	/System/Library/Frameworks/QuartzCore.framework/Versions/A/QuartzCore
0x944a8000 - 0x944e5fff libsqlite3.0.dylib 	/usr/lib/libsqlite3.0.dylib
0x944ed000 - 0x9453dfff libGLImage.dylib 	/System/Library/Frameworks/OpenGL.framework/Versions/A/Libraries/libGLImage.dylib
0x946e0000 - 0x946effff libCGATS.A.dylib 	/System/Library/Frameworks/ApplicationServices.framework/Versions/A/Frameworks/CoreGraphics.framework/Versions/A/Resources/libCGATS.A.dylib
0x946f7000 - 0x94703fff libCSync.A.dylib 	/System/Library/Frameworks/ApplicationServices.framework/Versions/A/Frameworks/CoreGraphics.framework/Versions/A/Resources/libCSync.A.dylib
0x94749000 - 0x94761fff libRIP.A.dylib 	/System/Library/Frameworks/ApplicationServices.framework/Versions/A/Frameworks/CoreGraphics.framework/Versions/A/Resources/libRIP.A.dylib
0x94768000 - 0x947d9fff libstdc++.6.dylib 	/usr/lib/libstdc++.6.dylib
0x94bac000 - 0x94bc9fff libresolv.9.dylib 	/usr/lib/libresolv.9.dylib
0x950ce000 - 0x951fcfff edu.mit.Kerberos 5.5.23	/System/Library/Frameworks/Kerberos.framework/Versions/A/Kerberos
0x96163000 - 0x96168fff com.apple.URLMount 2.1.3	/System/Library/PrivateFrameworks/URLMount.framework/Versions/A/URLMount
0x97c07000 - 0x97c1dfff com.apple.AppleShareClient 1.5.1	/System/Library/Frameworks/AppleShareClient.framework/Versions/A/AppleShareClient
0x97c27000 - 0x97c65fff com.apple.AppleShareClientCore 1.5.1	/System/Library/Frameworks/AppleShareClientCore.framework/Versions/A/AppleShareClientCore
0x99210000 - 0x992bafff com.apple.applescript 1.10.6	/System/Library/PrivateFrameworks/AppleScript.framework/Versions/A/AppleScript

